# JRE version: OpenJDK Runtime Environment (7.0_65-b32) (build 1.7.0_65-b32)
# Java VM: OpenJDK 64-Bit Server VM (24.65-b04 mixed mode linux-amd64 compressed oops)
Heap
 PSYoungGen      total 99840K, used 5939K [0x00000000f8000000, 0x00000000fe700000, 0x0000000100000000)
  eden space 95744K, 6% used [0x00000000f8000000,0x00000000f85ccd00,0x00000000fdd80000)
  from space 4096K, 0% used [0x00000000fe200000,0x00000000fe200000,0x00000000fe600000)
  to   space 4608K, 0% used [0x00000000fdd80000,0x00000000fdd80000,0x00000000fe200000)
 ParOldGen       total 97792K, used 35729K [0x00000000e8000000, 0x00000000edf80000, 0x00000000f8000000)
  object space 97792K, 36% used [0x00000000e8000000,0x00000000ea2e4798,0x00000000edf80000)
 PSPermGen       total 71680K, used 71196K [0x00000000d8000000, 0x00000000dc600000, 0x00000000e8000000)
  object space 71680K, 99% used [0x00000000d8000000,0x00000000dc587248,0x00000000dc600000)
GC Heap History (10 events):
Event: 55984.698 GC heap before
{Heap before GC invocations=1892 (full 930):
 PSYoungGen      total 98304K, used 871K [0x00000000f8000000, 0x00000000fe300000, 0x0000000100000000)
  eden space 96256K, 0% used [0x00000000f8000000,0x00000000f8000000,0x00000000fde00000)
  from space 2048K, 42% used [0x00000000fe100000,0x00000000fe1d9f10,0x00000000fe300000)
  to   space 2560K, 0% used [0x00000000fde00000,0x00000000fde00000,0x00000000fe080000)
 ParOldGen       total 97792K, used 31894K [0x00000000e8000000, 0x00000000edf80000, 0x00000000f8000000)
  object space 97792K, 32% used [0x00000000e8000000,0x00000000e9f258b8,0x00000000edf80000)
 PSPermGen       total 71680K, used 71159K [0x00000000d8000000, 0x00000000dc600000, 0x00000000e8000000)
  object space 71680K, 99% used [0x00000000d8000000,0x00000000dc57de38,0x00000000dc600000)
Event: 55984.778 GC heap after
Heap after GC invocations=1892 (full 930):
 PSYoungGen      total 98304K, used 0K [0x00000000f8000000, 0x00000000fe300000, 0x0000000100000000)
  eden space 96256K, 0% used [0x00000000f8000000,0x00000000f8000000,0x00000000fde00000)
  from space 2048K, 0% used [0x00000000fe100000,0x00000000fe100000,0x00000000fe300000)
  to   space 2560K, 0% used [0x00000000fde00000,0x00000000fde00000,0x00000000fe080000)
 ParOldGen       total 97792K, used 31992K [0x00000000e8000000, 0x00000000edf80000, 0x00000000f8000000)
  object space 97792K, 32% used [0x00000000e8000000,0x00000000e9f3e0a8,0x00000000edf80000)
 PSPermGen       total 71680K, used 71159K [0x00000000d8000000, 0x00000000dc600000, 0x00000000e8000000)
  object space 71680K, 99% used [0x00000000d8000000,0x00000000dc57de18,0x00000000dc600000)
}
Event: 56046.367 GC heap before
{Heap before GC invocations=1893 (full 930):
 PSYoungGen      total 98304K, used 21433K [0x00000000f8000000, 0x00000000fe300000, 0x0000000100000000)
  eden space 96256K, 22% used [0x00000000f8000000,0x00000000f94ee5a8,0x00000000fde00000)
  from space 2048K, 0% used [0x00000000fe100000,0x00000000fe100000,0x00000000fe300000)
  to   space 2560K, 0% used [0x00000000fde00000,0x00000000fde00000,0x00000000fe080000)
 ParOldGen       total 97792K, used 31992K [0x00000000e8000000, 0x00000000edf80000, 0x00000000f8000000)
  object space 97792K, 32% used [0x00000000e8000000,0x00000000e9f3e0a8,0x00000000edf80000)
 PSPermGen       total 71680K, used 71161K [0x00000000d8000000, 0x00000000dc600000, 0x00000000e8000000)
  object space 71680K, 99% used [0x00000000d8000000,0x00000000dc57e750,0x00000000dc600000)
Event: 56046.374 GC heap after
Heap after GC invocations=1893 (full 930):
 PSYoungGen      total 98816K, used 2557K [0x00000000f8000000, 0x00000000fe600000, 0x0000000100000000)
  eden space 96256K, 0% used [0x00000000f8000000,0x00000000f8000000,0x00000000fde00000)
  from space 2560K, 99% used [0x00000000fde00000,0x00000000fe07f518,0x00000000fe080000)
  to   space 4096K, 0% used [0x00000000fe200000,0x00000000fe200000,0x00000000fe600000)
 ParOldGen       total 97792K, used 33927K [0x00000000e8000000, 0x00000000edf80000, 0x00000000f8000000)
  object space 97792K, 34% used [0x00000000e8000000,0x00000000ea121fe8,0x00000000edf80000)
 PSPermGen       total 71680K, used 71161K [0x00000000d8000000, 0x00000000dc600000, 0x00000000e8000000)
  object space 71680K, 99% used [0x00000000d8000000,0x00000000dc57e750,0x00000000dc600000)
}
Event: 56046.374 GC heap before
{Heap before GC invocations=1894 (full 931):
 PSYoungGen      total 98816K, used 2557K [0x00000000f8000000, 0x00000000fe600000, 0x0000000100000000)
  eden space 96256K, 0% used [0x00000000f8000000,0x00000000f8000000,0x00000000fde00000)
  from space 2560K, 99% used [0x00000000fde00000,0x00000000fe07f518,0x00000000fe080000)
  to   space 4096K, 0% used [0x00000000fe200000,0x00000000fe200000,0x00000000fe600000)
 ParOldGen       total 97792K, used 33927K [0x00000000e8000000, 0x00000000edf80000, 0x00000000f8000000)
  object space 97792K, 34% used [0x00000000e8000000,0x00000000ea121fe8,0x00000000edf80000)
 PSPermGen       total 71680K, used 71161K [0x00000000d8000000, 0x00000000dc600000, 0x00000000e8000000)
  object space 71680K, 99% used [0x00000000d8000000,0x00000000dc57e750,0x00000000dc600000)
Event: 56046.476 GC heap after
Heap after GC invocations=1894 (full 931):
 PSYoungGen      total 98816K, used 0K [0x00000000f8000000, 0x00000000fe600000, 0x0000000100000000)
  eden space 96256K, 0% used [0x00000000f8000000,0x00000000f8000000,0x00000000fde00000)
  from space 2560K, 0% used [0x00000000fde00000,0x00000000fde00000,0x00000000fe080000)
  to   space 4096K, 0% used [0x00000000fe200000,0x00000000fe200000,0x00000000fe600000)
 ParOldGen       total 97792K, used 35611K [0x00000000e8000000, 0x00000000edf80000, 0x00000000f8000000)
  object space 97792K, 36% used [0x00000000e8000000,0x00000000ea2c6f28,0x00000000edf80000)
 PSPermGen       total 71680K, used 71157K [0x00000000d8000000, 0x00000000dc600000, 0x00000000e8000000)
  object space 71680K, 99% used [0x00000000d8000000,0x00000000dc57d7b0,0x00000000dc600000)
}
Event: 56109.284 GC heap before
{Heap before GC invocations=1895 (full 931):
 PSYoungGen      total 98816K, used 48232K [0x00000000f8000000, 0x00000000fe600000, 0x0000000100000000)
  eden space 96256K, 50% used [0x00000000f8000000,0x00000000faf1a108,0x00000000fde00000)
  from space 2560K, 0% used [0x00000000fde00000,0x00000000fde00000,0x00000000fe080000)
  to   space 4096K, 0% used [0x00000000fe200000,0x00000000fe200000,0x00000000fe600000)
 ParOldGen       total 97792K, used 35611K [0x00000000e8000000, 0x00000000edf80000, 0x00000000f8000000)
  object space 97792K, 36% used [0x00000000e8000000,0x00000000ea2c6f28,0x00000000edf80000)
 PSPermGen       total 71680K, used 71198K [0x00000000d8000000, 0x00000000dc600000, 0x00000000e8000000)
  object space 71680K, 99% used [0x00000000d8000000,0x00000000dc587a38,0x00000000dc600000)
Event: 56109.290 GC heap after
Heap after GC invocations=1895 (full 931):
 PSYoungGen      total 99840K, used 3723K [0x00000000f8000000, 0x00000000fe700000, 0x0000000100000000)
  eden space 95744K, 0% used [0x00000000f8000000,0x00000000f8000000,0x00000000fdd80000)
  from space 4096K, 90% used [0x00000000fe200000,0x00000000fe5a2cb8,0x00000000fe600000)
  to   space 4608K, 0% used [0x00000000fdd80000,0x00000000fdd80000,0x00000000fe200000)
 ParOldGen       total 97792K, used 35611K [0x00000000e8000000, 0x00000000edf80000, 0x00000000f8000000)
  object space 97792K, 36% used [0x00000000e8000000,0x00000000ea2c6f28,0x00000000edf80000)
 PSPermGen       total 71680K, used 71198K [0x00000000d8000000, 0x00000000dc600000, 0x00000000e8000000)
  object space 71680K, 99% used [0x00000000d8000000,0x00000000dc587a38,0x00000000dc600000)
}
Event: 56109.290 GC heap before
{Heap before GC invocations=1896 (full 932):
 PSYoungGen      total 99840K, used 3723K [0x00000000f8000000, 0x00000000fe700000, 0x0000000100000000)
  eden space 95744K, 0% used [0x00000000f8000000,0x00000000f8000000,0x00000000fdd80000)
  from space 4096K, 90% used [0x00000000fe200000,0x00000000fe5a2cb8,0x00000000fe600000)
  to   space 4608K, 0% used [0x00000000fdd80000,0x00000000fdd80000,0x00000000fe200000)
 ParOldGen       total 97792K, used 35611K [0x00000000e8000000, 0x00000000edf80000, 0x00000000f8000000)
  object space 97792K, 36% used [0x00000000e8000000,0x00000000ea2c6f28,0x00000000edf80000)
 PSPermGen       total 71680K, used 71198K [0x00000000d8000000, 0x00000000dc600000, 0x00000000e8000000)
  object space 71680K, 99% used [0x00000000d8000000,0x00000000dc587a38,0x00000000dc600000)
Event: 56109.393 GC heap after
Heap after GC invocations=1896 (full 932):
 PSYoungGen      total 99840K, used 0K [0x00000000f8000000, 0x00000000fe700000, 0x0000000100000000)
  eden space 95744K, 0% used [0x00000000f8000000,0x00000000f8000000,0x00000000fdd80000)
  from space 4096K, 0% used [0x00000000fe200000,0x00000000fe200000,0x00000000fe600000)
  to   space 4608K, 0% used [0x00000000fdd80000,0x00000000fdd80000,0x00000000fe200000)
 ParOldGen       total 97792K, used 35729K [0x00000000e8000000, 0x00000000edf80000, 0x00000000f8000000)
  object space 97792K, 36% used [0x00000000e8000000,0x00000000ea2e4798,0x00000000edf80000)
 PSPermGen       total 71680K, used 71195K [0x00000000d8000000, 0x00000000dc600000, 0x00000000e8000000)
  object space 71680K, 99% used [0x00000000d8000000,0x00000000dc586fd8,0x00000000dc600000)
}

